2024-06-19 19:21:25,965 INFO: AnnotateChange startup [in /Users/nathanlogie/Summer Projects/AnnotateChange/app/__init__.py:125]
2024-06-19 19:21:48,808 INFO: AnnotateChange startup [in /Users/nathanlogie/Summer Projects/AnnotateChange/app/__init__.py:125]
2024-06-19 19:27:39,999 INFO: AnnotateChange startup [in /Users/nathanlogie/Summer Projects/AnnotateChange/app/__init__.py:125]
2024-06-19 19:28:27,644 INFO: AnnotateChange startup [in /Users/nathanlogie/Summer Projects/AnnotateChange/app/__init__.py:125]
2024-06-19 19:32:35,606 INFO: AnnotateChange startup [in /Users/nathanlogie/Summer Projects/AnnotateChange/app/__init__.py:125]
2024-06-19 19:35:18,922 INFO: AnnotateChange startup [in /Users/nathanlogie/Summer Projects/AnnotateChange/app/__init__.py:125]
2024-06-19 19:35:58,121 ERROR: Exception on /auth/register [POST] [in /Users/nathanlogie/Summer Projects/AnnotateChange/venv/lib/python3.11/site-packages/flask/app.py:1744]
Traceback (most recent call last):
  File "/Users/nathanlogie/Summer Projects/AnnotateChange/venv/lib/python3.11/site-packages/flask/app.py", line 2529, in wsgi_app
    response = self.full_dispatch_request()
               ^^^^^^^^^^^^^^^^^^^^^^^^^^^^
  File "/Users/nathanlogie/Summer Projects/AnnotateChange/venv/lib/python3.11/site-packages/flask/app.py", line 1825, in full_dispatch_request
    rv = self.handle_user_exception(e)
         ^^^^^^^^^^^^^^^^^^^^^^^^^^^^^
  File "/Users/nathanlogie/Summer Projects/AnnotateChange/venv/lib/python3.11/site-packages/flask/app.py", line 1823, in full_dispatch_request
    rv = self.dispatch_request()
         ^^^^^^^^^^^^^^^^^^^^^^^
  File "/Users/nathanlogie/Summer Projects/AnnotateChange/venv/lib/python3.11/site-packages/flask/app.py", line 1799, in dispatch_request
    return self.ensure_sync(self.view_functions[rule.endpoint])(**view_args)
           ^^^^^^^^^^^^^^^^^^^^^^^^^^^^^^^^^^^^^^^^^^^^^^^^^^^^^^^^^^^^^^^^^
  File "/Users/nathanlogie/Summer Projects/AnnotateChange/app/auth/routes.py", line 159, in register
    send_email_confirmation_email(user)
  File "/Users/nathanlogie/Summer Projects/AnnotateChange/app/auth/email.py", line 28, in send_email_confirmation_email
    token = user.get_email_confirmation_token()
            ^^^^^^^^^^^^^^^^^^^^^^^^^^^^^^^^^^^
  File "/Users/nathanlogie/Summer Projects/AnnotateChange/app/models.py", line 75, in get_email_confirmation_token
    ).decode("utf-8")
      ^^^^^^
AttributeError: 'str' object has no attribute 'decode'
